<?xml version="1.0" encoding="UTF-8"?>
<!-- Generated by org.testng.reporters.JUnitXMLReporter -->
<testsuite hostname="User-PC" ignored="0" name="Default test" tests="4" failures="0" timestamp="09 Apr 2017 08:31:59 GMT" time="71.009" errors="0">
  <testcase name="searchEngine" time="24.048" classname="day10.testng.LearnTestNGListMapObj"/>
  <testcase name="searchEngine" time="15.868" classname="day10.testng.LearnTestNGListMapObj"/>
  <testcase name="searchEngine" time="18.252" classname="day10.testng.LearnTestNGListMapObj"/>
  <testcase name="searchEngine" time="12.031" classname="day10.testng.LearnTestNGListMapObj"/>
</testsuite> <!-- Default test -->
