<?xml version="1.0" encoding="UTF-8"?>
<testng-results skipped="0" failed="0" ignored="0" total="4" passed="4">
  <reporter-output>
  </reporter-output>
  <suite name="Default suite" duration-ms="71009" started-at="2017-04-09T08:30:48Z" finished-at="2017-04-09T08:31:59Z">
    <groups>
    </groups>
    <test name="Default test" duration-ms="71009" started-at="2017-04-09T08:30:48Z" finished-at="2017-04-09T08:31:59Z">
      <class name="day10.testng.LearnTestNGListMapObj">
        <test-method status="PASS" signature="searchEngine(java.util.Map)[pri:0, instance:day10.testng.LearnTestNGListMapObj@4c70fda8]" name="searchEngine" duration-ms="24048" started-at="2017-04-09T14:00:49Z" data-provider="dp" finished-at="2017-04-09T14:01:13Z">
          <params>
            <param index="0">
              <value>
                <![CDATA[{SearchKey=Sachin, Expected=200000}]]>
              </value>
            </param>
          </params>
          <reporter-output>
          </reporter-output>
        </test-method> <!-- searchEngine -->
        <test-method status="PASS" signature="searchEngine(java.util.Map)[pri:0, instance:day10.testng.LearnTestNGListMapObj@4c70fda8]" name="searchEngine" duration-ms="15868" started-at="2017-04-09T14:01:13Z" data-provider="dp" finished-at="2017-04-09T14:01:29Z">
          <params>
            <param index="0">
              <value>
                <![CDATA[{SearchKey=Ganguly, Expected=300000.0}]]>
              </value>
            </param>
          </params>
          <reporter-output>
          </reporter-output>
        </test-method> <!-- searchEngine -->
        <test-method status="PASS" signature="searchEngine(java.util.Map)[pri:0, instance:day10.testng.LearnTestNGListMapObj@4c70fda8]" name="searchEngine" duration-ms="18252" started-at="2017-04-09T14:01:29Z" data-provider="dp" finished-at="2017-04-09T14:01:47Z">
          <params>
            <param index="0">
              <value>
                <![CDATA[{SearchKey=Dravid, Expected=433333}]]>
              </value>
            </param>
          </params>
          <reporter-output>
          </reporter-output>
        </test-method> <!-- searchEngine -->
        <test-method status="PASS" signature="searchEngine(java.util.Map)[pri:0, instance:day10.testng.LearnTestNGListMapObj@4c70fda8]" name="searchEngine" duration-ms="12031" started-at="2017-04-09T14:01:47Z" data-provider="dp" finished-at="2017-04-09T14:01:59Z">
          <params>
            <param index="0">
              <value>
                <![CDATA[{SearchKey=Kohli, Expected=100000.0}]]>
              </value>
            </param>
          </params>
          <reporter-output>
          </reporter-output>
        </test-method> <!-- searchEngine -->
      </class> <!-- day10.testng.LearnTestNGListMapObj -->
    </test> <!-- Default test -->
  </suite> <!-- Default suite -->
</testng-results>
